[0m22:50:46.572847 [debug] [MainThread]: Sending event: {'category': 'dbt', 'action': 'invocation', 'label': 'start', 'context': [<snowplow_tracker.self_describing_json.SelfDescribingJson object at 0x000001C78A65BD60>, <snowplow_tracker.self_describing_json.SelfDescribingJson object at 0x000001C78CF23FD0>, <snowplow_tracker.self_describing_json.SelfDescribingJson object at 0x000001C78CF23DF0>]}


============================== 22:50:46.577854 | c93faf46-0997-406b-b01a-12b7b2922807 ==============================
[0m22:50:46.577854 [info ] [MainThread]: Running with dbt=1.8.7
[0m22:50:46.579864 [debug] [MainThread]: running dbt with arguments {'printer_width': '80', 'indirect_selection': 'eager', 'write_json': 'True', 'log_cache_events': 'False', 'partial_parse': 'True', 'cache_selected_only': 'False', 'warn_error': 'None', 'version_check': 'True', 'profiles_dir': 'C:\\Users\\yashw\\.dbt', 'log_path': 'logs', 'fail_fast': 'False', 'debug': 'False', 'use_colors': 'True', 'use_experimental_parser': 'False', 'empty': 'None', 'quiet': 'False', 'no_print': 'None', 'warn_error_options': 'WarnErrorOptions(include=[], exclude=[])', 'introspect': 'True', 'log_format': 'default', 'static_parser': 'True', 'target_path': 'None', 'invocation_command': 'dbt init build_mau', 'send_anonymous_usage_stats': 'True'}
[0m22:50:46.603166 [debug] [MainThread]: Starter project path: C:\Users\yashw\AppData\Local\Programs\Python\Python310\lib\site-packages\dbt\include\starter_project
[0m22:50:46.638326 [info ] [MainThread]: 
Your new dbt project "build_mau" was created!

For more information on how to configure the profiles.yml file,
please consult the dbt documentation here:

  https://docs.getdbt.com/docs/configure-your-profile

One more thing:

Need help? Don't hesitate to reach out to us via GitHub issues or on Slack:

  https://community.getdbt.com/

Happy modeling!

[0m22:50:46.640330 [info ] [MainThread]: Setting up your profile.
[0m22:53:01.483562 [info ] [MainThread]: Profile build_mau written to C:\Users\yashw\.dbt\profiles.yml using target's profile_template.yml and your supplied values. Run 'dbt debug' to validate the connection.
[0m22:53:01.489175 [debug] [MainThread]: Command `dbt init` succeeded at 22:53:01.489175 after 134.97 seconds
[0m22:53:01.489175 [debug] [MainThread]: Sending event: {'category': 'dbt', 'action': 'invocation', 'label': 'end', 'context': [<snowplow_tracker.self_describing_json.SelfDescribingJson object at 0x000001C78A65BD60>, <snowplow_tracker.self_describing_json.SelfDescribingJson object at 0x000001C78CF23A00>, <snowplow_tracker.self_describing_json.SelfDescribingJson object at 0x000001C78CF23FD0>]}
[0m22:53:01.489175 [debug] [MainThread]: Flushing usage events
[0m22:54:45.271384 [debug] [MainThread]: Sending event: {'category': 'dbt', 'action': 'invocation', 'label': 'start', 'context': [<snowplow_tracker.self_describing_json.SelfDescribingJson object at 0x000001DDA55BBDC0>, <snowplow_tracker.self_describing_json.SelfDescribingJson object at 0x000001DDA868FB20>, <snowplow_tracker.self_describing_json.SelfDescribingJson object at 0x000001DDA868FEB0>]}


============================== 22:54:45.276390 | 0e10423f-c65e-4fda-a8ce-6ce0cc4f8e2e ==============================
[0m22:54:45.276390 [info ] [MainThread]: Running with dbt=1.8.7
[0m22:54:45.276390 [debug] [MainThread]: running dbt with arguments {'printer_width': '80', 'indirect_selection': 'eager', 'log_cache_events': 'False', 'write_json': 'True', 'partial_parse': 'True', 'cache_selected_only': 'False', 'warn_error': 'None', 'debug': 'False', 'version_check': 'True', 'log_path': 'logs', 'profiles_dir': 'C:\\Users\\yashw\\.dbt', 'fail_fast': 'False', 'use_colors': 'True', 'use_experimental_parser': 'False', 'no_print': 'None', 'quiet': 'False', 'empty': 'None', 'warn_error_options': 'WarnErrorOptions(include=[], exclude=[])', 'static_parser': 'True', 'log_format': 'default', 'invocation_command': 'dbt debug', 'target_path': 'None', 'introspect': 'True', 'send_anonymous_usage_stats': 'True'}
[0m22:54:45.291502 [info ] [MainThread]: dbt version: 1.8.7
[0m22:54:45.291502 [info ] [MainThread]: python version: 3.10.11
[0m22:54:45.291502 [info ] [MainThread]: python path: C:\Users\yashw\AppData\Local\Programs\Python\Python310\python.exe
[0m22:54:45.291502 [info ] [MainThread]: os info: Windows-10-10.0.22631-SP0
[0m22:54:46.112444 [info ] [MainThread]: Using profiles dir at C:\Users\yashw\.dbt
[0m22:54:46.112444 [info ] [MainThread]: Using profiles.yml file at C:\Users\yashw\.dbt\profiles.yml
[0m22:54:46.112444 [info ] [MainThread]: Using dbt_project.yml file at D:\study\SJSU\SEM_1\Data_Warehouse-data_226\dbt-core\dbt_project.yml
[0m22:54:46.112444 [info ] [MainThread]: adapter type: snowflake
[0m22:54:46.115949 [info ] [MainThread]: adapter version: 1.8.4
[0m22:54:46.117485 [info ] [MainThread]: Configuration:
[0m22:54:46.117485 [info ] [MainThread]:   profiles.yml file [[32mOK found and valid[0m]
[0m22:54:46.117485 [info ] [MainThread]:   dbt_project.yml file [[31mERROR not found[0m]
[0m22:54:46.117485 [info ] [MainThread]: Required dependencies:
[0m22:54:46.117485 [debug] [MainThread]: Executing "git --help"
[0m22:54:46.172257 [debug] [MainThread]: STDOUT: "b"usage: git [-v | --version] [-h | --help] [-C <path>] [-c <name>=<value>]\n           [--exec-path[=<path>]] [--html-path] [--man-path] [--info-path]\n           [-p | --paginate | -P | --no-pager] [--no-replace-objects] [--no-lazy-fetch]\n           [--no-optional-locks] [--no-advice] [--bare] [--git-dir=<path>]\n           [--work-tree=<path>] [--namespace=<name>] [--config-env=<name>=<envvar>]\n           <command> [<args>]\n\nThese are common Git commands used in various situations:\n\nstart a working area (see also: git help tutorial)\n   clone      Clone a repository into a new directory\n   init       Create an empty Git repository or reinitialize an existing one\n\nwork on the current change (see also: git help everyday)\n   add        Add file contents to the index\n   mv         Move or rename a file, a directory, or a symlink\n   restore    Restore working tree files\n   rm         Remove files from the working tree and from the index\n\nexamine the history and state (see also: git help revisions)\n   bisect     Use binary search to find the commit that introduced a bug\n   diff       Show changes between commits, commit and working tree, etc\n   grep       Print lines matching a pattern\n   log        Show commit logs\n   show       Show various types of objects\n   status     Show the working tree status\n\ngrow, mark and tweak your common history\n   backfill   Download missing objects in a partial clone\n   branch     List, create, or delete branches\n   commit     Record changes to the repository\n   merge      Join two or more development histories together\n   rebase     Reapply commits on top of another base tip\n   reset      Reset current HEAD to the specified state\n   switch     Switch branches\n   tag        Create, list, delete or verify a tag object signed with GPG\n\ncollaborate (see also: git help workflows)\n   fetch      Download objects and refs from another repository\n   pull       Fetch from and integrate with another repository or a local branch\n   push       Update remote refs along with associated objects\n\n'git help -a' and 'git help -g' list available subcommands and some\nconcept guides. See 'git help <command>' or 'git help <concept>'\nto read about a specific subcommand or concept.\nSee 'git help git' for an overview of the system.\n""
[0m22:54:46.172257 [debug] [MainThread]: STDERR: "b''"
[0m22:54:46.172257 [info ] [MainThread]:  - git [[32mOK found[0m]

[0m22:54:46.172257 [info ] [MainThread]: Connection:
[0m22:54:46.178320 [info ] [MainThread]:   account: TYB12819
[0m22:54:46.179325 [info ] [MainThread]:   user: katipally
[0m22:54:46.179839 [info ] [MainThread]:   database: dev
[0m22:54:46.179839 [info ] [MainThread]:   warehouse: COMPUTE_WH
[0m22:54:46.179839 [info ] [MainThread]:   role: ACCOUNTADMIN
[0m22:54:46.182855 [info ] [MainThread]:   schema: analytics
[0m22:54:46.182855 [info ] [MainThread]:   authenticator: None
[0m22:54:46.182855 [info ] [MainThread]:   oauth_client_id: None
[0m22:54:46.182855 [info ] [MainThread]:   query_tag: None
[0m22:54:46.182855 [info ] [MainThread]:   client_session_keep_alive: False
[0m22:54:46.182855 [info ] [MainThread]:   host: None
[0m22:54:46.182855 [info ] [MainThread]:   port: None
[0m22:54:46.188366 [info ] [MainThread]:   proxy_host: None
[0m22:54:46.188366 [info ] [MainThread]:   proxy_port: None
[0m22:54:46.188366 [info ] [MainThread]:   protocol: None
[0m22:54:46.188366 [info ] [MainThread]:   connect_retries: 1
[0m22:54:46.188366 [info ] [MainThread]:   connect_timeout: None
[0m22:54:46.188366 [info ] [MainThread]:   retry_on_database_errors: False
[0m22:54:46.188366 [info ] [MainThread]:   retry_all: False
[0m22:54:46.188366 [info ] [MainThread]:   insecure_mode: False
[0m22:54:46.188366 [info ] [MainThread]:   reuse_connections: None
[0m22:54:46.193377 [info ] [MainThread]: Registered adapter: snowflake=1.8.4
[0m22:54:46.193377 [debug] [MainThread]: Acquiring new snowflake connection 'debug'
[0m22:54:46.193377 [debug] [MainThread]: Using snowflake connection "debug"
[0m22:54:46.193377 [debug] [MainThread]: On debug: select 1 as id
[0m22:54:46.193377 [debug] [MainThread]: Opening a new connection, currently in state init
[0m22:54:46.962444 [debug] [MainThread]: SQL status: SUCCESS 1 in 0.767 seconds
[0m22:54:46.962444 [debug] [MainThread]: On debug: Close
[0m22:54:47.082857 [info ] [MainThread]:   Connection test: [[32mOK connection ok[0m]

[0m22:54:47.082857 [info ] [MainThread]: [31m1 check failed:[0m
[0m22:54:47.087364 [info ] [MainThread]: Project loading failed for the following reason:
 project path <D:\study\SJSU\SEM_1\Data_Warehouse-data_226\dbt-core\dbt_project.yml> not found

[0m22:54:47.087364 [debug] [MainThread]: Command `dbt debug` failed at 22:54:47.087364 after 1.87 seconds
[0m22:54:47.087364 [debug] [MainThread]: Connection 'debug' was properly closed.
[0m22:54:47.087364 [debug] [MainThread]: Sending event: {'category': 'dbt', 'action': 'invocation', 'label': 'end', 'context': [<snowplow_tracker.self_describing_json.SelfDescribingJson object at 0x000001DDA55BBDC0>, <snowplow_tracker.self_describing_json.SelfDescribingJson object at 0x000001DDA81C7160>, <snowplow_tracker.self_describing_json.SelfDescribingJson object at 0x000001DDC9A79930>]}
[0m22:54:47.087364 [debug] [MainThread]: Flushing usage events
